2024/07/21 19:25:16 Received {c0 n0 {"type":"init","node_id":"n0","node_ids":["n0"],"msg_id":1}}
2024/07/21 19:25:16 Node n0 initialized
2024/07/21 19:25:16 Sent {"src":"n0","dest":"c0","body":{"in_reply_to":1,"type":"init_ok"}}
2024/07/21 19:25:16 Received {c1 n0 {"type":"topology","topology":{"n0":[]},"msg_id":1}}
2024/07/21 19:25:16 Sent {"src":"n0","dest":"c1","body":{"in_reply_to":1,"msg_id":1,"type":"topology_ok"}}
2024/07/21 19:25:16 Received {c2 n0 {"type":"read","msg_id":1}}
2024/07/21 19:25:16 Sent {"src":"n0","dest":"c2","body":{"in_reply_to":1,"messages":[0,0,0,0,0,0,0,0,0,0],"msg_id":1,"type":"read_ok"}}
2024/07/21 19:25:16 Received {c2 n0 {"type":"broadcast","message":0,"msg_id":2}}
2024/07/21 19:25:16 Sent {"src":"n0","dest":"c2","body":{"in_reply_to":2,"msg_id":2,"type":"broadcast_ok"}}
2024/07/21 19:25:17 Received {c2 n0 {"type":"broadcast","message":1,"msg_id":3}}
2024/07/21 19:25:17 Sent {"src":"n0","dest":"c2","body":{"in_reply_to":3,"msg_id":3,"type":"broadcast_ok"}}
2024/07/21 19:25:17 Received {c2 n0 {"type":"broadcast","message":2,"msg_id":4}}
2024/07/21 19:25:17 Sent {"src":"n0","dest":"c2","body":{"in_reply_to":4,"msg_id":4,"type":"broadcast_ok"}}
2024/07/21 19:25:17 Received {c2 n0 {"type":"read","msg_id":5}}
2024/07/21 19:25:17 Sent {"src":"n0","dest":"c2","body":{"in_reply_to":5,"messages":[0,0,0,0,0,0,0,0,0,0,0,1,2],"msg_id":5,"type":"read_ok"}}
2024/07/21 19:25:17 Received {c2 n0 {"type":"broadcast","message":3,"msg_id":6}}
2024/07/21 19:25:17 Sent {"src":"n0","dest":"c2","body":{"in_reply_to":6,"msg_id":6,"type":"broadcast_ok"}}
2024/07/21 19:25:17 Received {c2 n0 {"type":"broadcast","message":4,"msg_id":7}}
2024/07/21 19:25:17 Sent {"src":"n0","dest":"c2","body":{"in_reply_to":7,"msg_id":7,"type":"broadcast_ok"}}
2024/07/21 19:25:17 Received {c2 n0 {"type":"broadcast","message":5,"msg_id":8}}
2024/07/21 19:25:17 Sent {"src":"n0","dest":"c2","body":{"in_reply_to":8,"msg_id":8,"type":"broadcast_ok"}}
2024/07/21 19:25:17 Received {c2 n0 {"type":"broadcast","message":6,"msg_id":9}}
2024/07/21 19:25:17 Sent {"src":"n0","dest":"c2","body":{"in_reply_to":9,"msg_id":9,"type":"broadcast_ok"}}
2024/07/21 19:25:17 Received {c2 n0 {"type":"broadcast","message":7,"msg_id":10}}
2024/07/21 19:25:17 Sent {"src":"n0","dest":"c2","body":{"in_reply_to":10,"msg_id":10,"type":"broadcast_ok"}}
2024/07/21 19:25:17 Received {c2 n0 {"type":"read","msg_id":11}}
2024/07/21 19:25:17 Sent {"src":"n0","dest":"c2","body":{"in_reply_to":11,"messages":[0,0,0,0,0,0,0,0,0,0,0,1,2,3,4,5,6,7],"msg_id":11,"type":"read_ok"}}
2024/07/21 19:25:18 Received {c2 n0 {"type":"broadcast","message":8,"msg_id":12}}
2024/07/21 19:25:18 Sent {"src":"n0","dest":"c2","body":{"in_reply_to":12,"msg_id":12,"type":"broadcast_ok"}}
2024/07/21 19:25:18 Received {c2 n0 {"type":"read","msg_id":13}}
2024/07/21 19:25:18 Sent {"src":"n0","dest":"c2","body":{"in_reply_to":13,"messages":[0,0,0,0,0,0,0,0,0,0,0,1,2,3,4,5,6,7,8],"msg_id":13,"type":"read_ok"}}
2024/07/21 19:25:18 Received {c2 n0 {"type":"broadcast","message":9,"msg_id":14}}
2024/07/21 19:25:18 Sent {"src":"n0","dest":"c2","body":{"in_reply_to":14,"msg_id":14,"type":"broadcast_ok"}}
2024/07/21 19:25:18 Received {c2 n0 {"type":"broadcast","message":10,"msg_id":15}}
2024/07/21 19:25:18 Sent {"src":"n0","dest":"c2","body":{"in_reply_to":15,"msg_id":15,"type":"broadcast_ok"}}
2024/07/21 19:25:18 Received {c2 n0 {"type":"read","msg_id":16}}
2024/07/21 19:25:18 Sent {"src":"n0","dest":"c2","body":{"in_reply_to":16,"messages":[0,0,0,0,0,0,0,0,0,0,0,1,2,3,4,5,6,7,8,9,10],"msg_id":16,"type":"read_ok"}}
2024/07/21 19:25:18 Received {c2 n0 {"type":"broadcast","message":11,"msg_id":17}}
2024/07/21 19:25:18 Sent {"src":"n0","dest":"c2","body":{"in_reply_to":17,"msg_id":17,"type":"broadcast_ok"}}
2024/07/21 19:25:18 Received {c2 n0 {"type":"read","msg_id":18}}
2024/07/21 19:25:18 Sent {"src":"n0","dest":"c2","body":{"in_reply_to":18,"messages":[0,0,0,0,0,0,0,0,0,0,0,1,2,3,4,5,6,7,8,9,10,11],"msg_id":18,"type":"read_ok"}}
2024/07/21 19:25:18 Received {c2 n0 {"type":"read","msg_id":19}}
2024/07/21 19:25:18 Sent {"src":"n0","dest":"c2","body":{"in_reply_to":19,"messages":[0,0,0,0,0,0,0,0,0,0,0,1,2,3,4,5,6,7,8,9,10,11],"msg_id":19,"type":"read_ok"}}
2024/07/21 19:25:19 Received {c2 n0 {"type":"broadcast","message":12,"msg_id":20}}
2024/07/21 19:25:19 Sent {"src":"n0","dest":"c2","body":{"in_reply_to":20,"msg_id":20,"type":"broadcast_ok"}}
2024/07/21 19:25:19 Received {c2 n0 {"type":"broadcast","message":13,"msg_id":21}}
2024/07/21 19:25:19 Sent {"src":"n0","dest":"c2","body":{"in_reply_to":21,"msg_id":21,"type":"broadcast_ok"}}
2024/07/21 19:25:19 Received {c2 n0 {"type":"broadcast","message":14,"msg_id":22}}
2024/07/21 19:25:19 Sent {"src":"n0","dest":"c2","body":{"in_reply_to":22,"msg_id":22,"type":"broadcast_ok"}}
2024/07/21 19:25:19 Received {c2 n0 {"type":"broadcast","message":15,"msg_id":23}}
2024/07/21 19:25:19 Sent {"src":"n0","dest":"c2","body":{"in_reply_to":23,"msg_id":23,"type":"broadcast_ok"}}
2024/07/21 19:25:19 Received {c2 n0 {"type":"broadcast","message":16,"msg_id":24}}
2024/07/21 19:25:19 Sent {"src":"n0","dest":"c2","body":{"in_reply_to":24,"msg_id":24,"type":"broadcast_ok"}}
2024/07/21 19:25:19 Received {c2 n0 {"type":"broadcast","message":17,"msg_id":25}}
2024/07/21 19:25:19 Sent {"src":"n0","dest":"c2","body":{"in_reply_to":25,"msg_id":25,"type":"broadcast_ok"}}
2024/07/21 19:25:19 Received {c2 n0 {"type":"read","msg_id":26}}
2024/07/21 19:25:19 Sent {"src":"n0","dest":"c2","body":{"in_reply_to":26,"messages":[0,0,0,0,0,0,0,0,0,0,0,1,2,3,4,5,6,7,8,9,10,11,12,13,14,15,16,17],"msg_id":26,"type":"read_ok"}}
2024/07/21 19:25:19 Received {c2 n0 {"type":"broadcast","message":18,"msg_id":27}}
2024/07/21 19:25:19 Sent {"src":"n0","dest":"c2","body":{"in_reply_to":27,"msg_id":27,"type":"broadcast_ok"}}
2024/07/21 19:25:19 Received {c2 n0 {"type":"broadcast","message":19,"msg_id":28}}
2024/07/21 19:25:19 Sent {"src":"n0","dest":"c2","body":{"in_reply_to":28,"msg_id":28,"type":"broadcast_ok"}}
2024/07/21 19:25:19 Received {c2 n0 {"type":"read","msg_id":29}}
2024/07/21 19:25:19 Sent {"src":"n0","dest":"c2","body":{"in_reply_to":29,"messages":[0,0,0,0,0,0,0,0,0,0,0,1,2,3,4,5,6,7,8,9,10,11,12,13,14,15,16,17,18,19],"msg_id":29,"type":"read_ok"}}
2024/07/21 19:25:19 Received {c2 n0 {"type":"read","msg_id":30}}
2024/07/21 19:25:19 Sent {"src":"n0","dest":"c2","body":{"in_reply_to":30,"messages":[0,0,0,0,0,0,0,0,0,0,0,1,2,3,4,5,6,7,8,9,10,11,12,13,14,15,16,17,18,19],"msg_id":30,"type":"read_ok"}}
2024/07/21 19:25:19 Received {c2 n0 {"type":"read","msg_id":31}}
2024/07/21 19:25:19 Sent {"src":"n0","dest":"c2","body":{"in_reply_to":31,"messages":[0,0,0,0,0,0,0,0,0,0,0,1,2,3,4,5,6,7,8,9,10,11,12,13,14,15,16,17,18,19],"msg_id":31,"type":"read_ok"}}
2024/07/21 19:25:20 Received {c2 n0 {"type":"broadcast","message":20,"msg_id":32}}
2024/07/21 19:25:20 Sent {"src":"n0","dest":"c2","body":{"in_reply_to":32,"msg_id":32,"type":"broadcast_ok"}}
2024/07/21 19:25:20 Received {c2 n0 {"type":"broadcast","message":21,"msg_id":33}}
2024/07/21 19:25:20 Sent {"src":"n0","dest":"c2","body":{"in_reply_to":33,"msg_id":33,"type":"broadcast_ok"}}
2024/07/21 19:25:20 Received {c2 n0 {"type":"broadcast","message":22,"msg_id":34}}
2024/07/21 19:25:20 Sent {"src":"n0","dest":"c2","body":{"in_reply_to":34,"msg_id":34,"type":"broadcast_ok"}}
2024/07/21 19:25:20 Received {c2 n0 {"type":"read","msg_id":35}}
2024/07/21 19:25:20 Sent {"src":"n0","dest":"c2","body":{"in_reply_to":35,"messages":[0,0,0,0,0,0,0,0,0,0,0,1,2,3,4,5,6,7,8,9,10,11,12,13,14,15,16,17,18,19,20,21,22],"msg_id":35,"type":"read_ok"}}
2024/07/21 19:25:20 Received {c2 n0 {"type":"read","msg_id":36}}
2024/07/21 19:25:20 Sent {"src":"n0","dest":"c2","body":{"in_reply_to":36,"messages":[0,0,0,0,0,0,0,0,0,0,0,1,2,3,4,5,6,7,8,9,10,11,12,13,14,15,16,17,18,19,20,21,22],"msg_id":36,"type":"read_ok"}}
2024/07/21 19:25:20 Received {c2 n0 {"type":"broadcast","message":23,"msg_id":37}}
2024/07/21 19:25:20 Sent {"src":"n0","dest":"c2","body":{"in_reply_to":37,"msg_id":37,"type":"broadcast_ok"}}
2024/07/21 19:25:20 Received {c2 n0 {"type":"read","msg_id":38}}
2024/07/21 19:25:20 Sent {"src":"n0","dest":"c2","body":{"in_reply_to":38,"messages":[0,0,0,0,0,0,0,0,0,0,0,1,2,3,4,5,6,7,8,9,10,11,12,13,14,15,16,17,18,19,20,21,22,23],"msg_id":38,"type":"read_ok"}}
2024/07/21 19:25:20 Received {c2 n0 {"type":"broadcast","message":24,"msg_id":39}}
2024/07/21 19:25:20 Sent {"src":"n0","dest":"c2","body":{"in_reply_to":39,"msg_id":39,"type":"broadcast_ok"}}
2024/07/21 19:25:20 Received {c2 n0 {"type":"read","msg_id":40}}
2024/07/21 19:25:20 Sent {"src":"n0","dest":"c2","body":{"in_reply_to":40,"messages":[0,0,0,0,0,0,0,0,0,0,0,1,2,3,4,5,6,7,8,9,10,11,12,13,14,15,16,17,18,19,20,21,22,23,24],"msg_id":40,"type":"read_ok"}}
2024/07/21 19:25:20 Received {c2 n0 {"type":"read","msg_id":41}}
2024/07/21 19:25:20 Sent {"src":"n0","dest":"c2","body":{"in_reply_to":41,"messages":[0,0,0,0,0,0,0,0,0,0,0,1,2,3,4,5,6,7,8,9,10,11,12,13,14,15,16,17,18,19,20,21,22,23,24],"msg_id":41,"type":"read_ok"}}
2024/07/21 19:25:21 Received {c2 n0 {"type":"read","msg_id":42}}
2024/07/21 19:25:21 Sent {"src":"n0","dest":"c2","body":{"in_reply_to":42,"messages":[0,0,0,0,0,0,0,0,0,0,0,1,2,3,4,5,6,7,8,9,10,11,12,13,14,15,16,17,18,19,20,21,22,23,24],"msg_id":42,"type":"read_ok"}}
2024/07/21 19:25:21 Received {c2 n0 {"type":"broadcast","message":25,"msg_id":43}}
2024/07/21 19:25:21 Sent {"src":"n0","dest":"c2","body":{"in_reply_to":43,"msg_id":43,"type":"broadcast_ok"}}
2024/07/21 19:25:21 Received {c2 n0 {"type":"broadcast","message":26,"msg_id":44}}
2024/07/21 19:25:21 Sent {"src":"n0","dest":"c2","body":{"in_reply_to":44,"msg_id":44,"type":"broadcast_ok"}}
2024/07/21 19:25:21 Received {c2 n0 {"type":"read","msg_id":45}}
2024/07/21 19:25:21 Sent {"src":"n0","dest":"c2","body":{"in_reply_to":45,"messages":[0,0,0,0,0,0,0,0,0,0,0,1,2,3,4,5,6,7,8,9,10,11,12,13,14,15,16,17,18,19,20,21,22,23,24,25,26],"msg_id":45,"type":"read_ok"}}
2024/07/21 19:25:21 Received {c2 n0 {"type":"read","msg_id":46}}
2024/07/21 19:25:21 Sent {"src":"n0","dest":"c2","body":{"in_reply_to":46,"messages":[0,0,0,0,0,0,0,0,0,0,0,1,2,3,4,5,6,7,8,9,10,11,12,13,14,15,16,17,18,19,20,21,22,23,24,25,26],"msg_id":46,"type":"read_ok"}}
2024/07/21 19:25:21 Received {c2 n0 {"type":"broadcast","message":27,"msg_id":47}}
2024/07/21 19:25:21 Sent {"src":"n0","dest":"c2","body":{"in_reply_to":47,"msg_id":47,"type":"broadcast_ok"}}
2024/07/21 19:25:21 Received {c2 n0 {"type":"broadcast","message":28,"msg_id":48}}
2024/07/21 19:25:21 Sent {"src":"n0","dest":"c2","body":{"in_reply_to":48,"msg_id":48,"type":"broadcast_ok"}}
2024/07/21 19:25:21 Received {c2 n0 {"type":"broadcast","message":29,"msg_id":49}}
2024/07/21 19:25:21 Sent {"src":"n0","dest":"c2","body":{"in_reply_to":49,"msg_id":49,"type":"broadcast_ok"}}
2024/07/21 19:25:21 Received {c2 n0 {"type":"read","msg_id":50}}
2024/07/21 19:25:21 Sent {"src":"n0","dest":"c2","body":{"in_reply_to":50,"messages":[0,0,0,0,0,0,0,0,0,0,0,1,2,3,4,5,6,7,8,9,10,11,12,13,14,15,16,17,18,19,20,21,22,23,24,25,26,27,28,29],"msg_id":50,"type":"read_ok"}}
2024/07/21 19:25:22 Received {c2 n0 {"type":"read","msg_id":51}}
2024/07/21 19:25:22 Sent {"src":"n0","dest":"c2","body":{"in_reply_to":51,"messages":[0,0,0,0,0,0,0,0,0,0,0,1,2,3,4,5,6,7,8,9,10,11,12,13,14,15,16,17,18,19,20,21,22,23,24,25,26,27,28,29],"msg_id":51,"type":"read_ok"}}
2024/07/21 19:25:22 Received {c2 n0 {"type":"broadcast","message":30,"msg_id":52}}
2024/07/21 19:25:22 Sent {"src":"n0","dest":"c2","body":{"in_reply_to":52,"msg_id":52,"type":"broadcast_ok"}}
2024/07/21 19:25:22 Received {c2 n0 {"type":"read","msg_id":53}}
2024/07/21 19:25:22 Sent {"src":"n0","dest":"c2","body":{"in_reply_to":53,"messages":[0,0,0,0,0,0,0,0,0,0,0,1,2,3,4,5,6,7,8,9,10,11,12,13,14,15,16,17,18,19,20,21,22,23,24,25,26,27,28,29,30],"msg_id":53,"type":"read_ok"}}
2024/07/21 19:25:22 Received {c2 n0 {"type":"read","msg_id":54}}
2024/07/21 19:25:22 Sent {"src":"n0","dest":"c2","body":{"in_reply_to":54,"messages":[0,0,0,0,0,0,0,0,0,0,0,1,2,3,4,5,6,7,8,9,10,11,12,13,14,15,16,17,18,19,20,21,22,23,24,25,26,27,28,29,30],"msg_id":54,"type":"read_ok"}}
2024/07/21 19:25:22 Received {c2 n0 {"type":"broadcast","message":31,"msg_id":55}}
2024/07/21 19:25:22 Sent {"src":"n0","dest":"c2","body":{"in_reply_to":55,"msg_id":55,"type":"broadcast_ok"}}
2024/07/21 19:25:22 Received {c2 n0 {"type":"broadcast","message":32,"msg_id":56}}
2024/07/21 19:25:22 Sent {"src":"n0","dest":"c2","body":{"in_reply_to":56,"msg_id":56,"type":"broadcast_ok"}}
2024/07/21 19:25:22 Received {c2 n0 {"type":"broadcast","message":33,"msg_id":57}}
2024/07/21 19:25:22 Sent {"src":"n0","dest":"c2","body":{"in_reply_to":57,"msg_id":57,"type":"broadcast_ok"}}
2024/07/21 19:25:22 Received {c2 n0 {"type":"broadcast","message":34,"msg_id":58}}
2024/07/21 19:25:22 Sent {"src":"n0","dest":"c2","body":{"in_reply_to":58,"msg_id":58,"type":"broadcast_ok"}}
2024/07/21 19:25:22 Received {c2 n0 {"type":"read","msg_id":59}}
2024/07/21 19:25:22 Sent {"src":"n0","dest":"c2","body":{"in_reply_to":59,"messages":[0,0,0,0,0,0,0,0,0,0,0,1,2,3,4,5,6,7,8,9,10,11,12,13,14,15,16,17,18,19,20,21,22,23,24,25,26,27,28,29,30,31,32,33,34],"msg_id":59,"type":"read_ok"}}
2024/07/21 19:25:23 Received {c2 n0 {"type":"broadcast","message":35,"msg_id":60}}
2024/07/21 19:25:23 Sent {"src":"n0","dest":"c2","body":{"in_reply_to":60,"msg_id":60,"type":"broadcast_ok"}}
2024/07/21 19:25:23 Received {c2 n0 {"type":"broadcast","message":36,"msg_id":61}}
2024/07/21 19:25:23 Sent {"src":"n0","dest":"c2","body":{"in_reply_to":61,"msg_id":61,"type":"broadcast_ok"}}
2024/07/21 19:25:23 Received {c2 n0 {"type":"read","msg_id":62}}
2024/07/21 19:25:23 Sent {"src":"n0","dest":"c2","body":{"in_reply_to":62,"messages":[0,0,0,0,0,0,0,0,0,0,0,1,2,3,4,5,6,7,8,9,10,11,12,13,14,15,16,17,18,19,20,21,22,23,24,25,26,27,28,29,30,31,32,33,34,35,36],"msg_id":62,"type":"read_ok"}}
2024/07/21 19:25:23 Received {c2 n0 {"type":"read","msg_id":63}}
2024/07/21 19:25:23 Sent {"src":"n0","dest":"c2","body":{"in_reply_to":63,"messages":[0,0,0,0,0,0,0,0,0,0,0,1,2,3,4,5,6,7,8,9,10,11,12,13,14,15,16,17,18,19,20,21,22,23,24,25,26,27,28,29,30,31,32,33,34,35,36],"msg_id":63,"type":"read_ok"}}
2024/07/21 19:25:23 Received {c2 n0 {"type":"read","msg_id":64}}
2024/07/21 19:25:23 Sent {"src":"n0","dest":"c2","body":{"in_reply_to":64,"messages":[0,0,0,0,0,0,0,0,0,0,0,1,2,3,4,5,6,7,8,9,10,11,12,13,14,15,16,17,18,19,20,21,22,23,24,25,26,27,28,29,30,31,32,33,34,35,36],"msg_id":64,"type":"read_ok"}}
2024/07/21 19:25:23 Received {c2 n0 {"type":"read","msg_id":65}}
2024/07/21 19:25:23 Sent {"src":"n0","dest":"c2","body":{"in_reply_to":65,"messages":[0,0,0,0,0,0,0,0,0,0,0,1,2,3,4,5,6,7,8,9,10,11,12,13,14,15,16,17,18,19,20,21,22,23,24,25,26,27,28,29,30,31,32,33,34,35,36],"msg_id":65,"type":"read_ok"}}
2024/07/21 19:25:23 Received {c2 n0 {"type":"broadcast","message":37,"msg_id":66}}
2024/07/21 19:25:23 Sent {"src":"n0","dest":"c2","body":{"in_reply_to":66,"msg_id":66,"type":"broadcast_ok"}}
2024/07/21 19:25:23 Received {c2 n0 {"type":"read","msg_id":67}}
2024/07/21 19:25:23 Sent {"src":"n0","dest":"c2","body":{"in_reply_to":67,"messages":[0,0,0,0,0,0,0,0,0,0,0,1,2,3,4,5,6,7,8,9,10,11,12,13,14,15,16,17,18,19,20,21,22,23,24,25,26,27,28,29,30,31,32,33,34,35,36,37],"msg_id":67,"type":"read_ok"}}
2024/07/21 19:25:23 Received {c2 n0 {"type":"broadcast","message":38,"msg_id":68}}
2024/07/21 19:25:23 Sent {"src":"n0","dest":"c2","body":{"in_reply_to":68,"msg_id":68,"type":"broadcast_ok"}}
2024/07/21 19:25:23 Received {c2 n0 {"type":"broadcast","message":39,"msg_id":69}}
2024/07/21 19:25:23 Sent {"src":"n0","dest":"c2","body":{"in_reply_to":69,"msg_id":69,"type":"broadcast_ok"}}
2024/07/21 19:25:24 Received {c2 n0 {"type":"broadcast","message":40,"msg_id":70}}
2024/07/21 19:25:24 Sent {"src":"n0","dest":"c2","body":{"in_reply_to":70,"msg_id":70,"type":"broadcast_ok"}}
2024/07/21 19:25:24 Received {c2 n0 {"type":"read","msg_id":71}}
2024/07/21 19:25:24 Sent {"src":"n0","dest":"c2","body":{"in_reply_to":71,"messages":[0,0,0,0,0,0,0,0,0,0,0,1,2,3,4,5,6,7,8,9,10,11,12,13,14,15,16,17,18,19,20,21,22,23,24,25,26,27,28,29,30,31,32,33,34,35,36,37,38,39,40],"msg_id":71,"type":"read_ok"}}
2024/07/21 19:25:24 Received {c2 n0 {"type":"read","msg_id":72}}
2024/07/21 19:25:24 Sent {"src":"n0","dest":"c2","body":{"in_reply_to":72,"messages":[0,0,0,0,0,0,0,0,0,0,0,1,2,3,4,5,6,7,8,9,10,11,12,13,14,15,16,17,18,19,20,21,22,23,24,25,26,27,28,29,30,31,32,33,34,35,36,37,38,39,40],"msg_id":72,"type":"read_ok"}}
2024/07/21 19:25:24 Received {c2 n0 {"type":"read","msg_id":73}}
2024/07/21 19:25:24 Sent {"src":"n0","dest":"c2","body":{"in_reply_to":73,"messages":[0,0,0,0,0,0,0,0,0,0,0,1,2,3,4,5,6,7,8,9,10,11,12,13,14,15,16,17,18,19,20,21,22,23,24,25,26,27,28,29,30,31,32,33,34,35,36,37,38,39,40],"msg_id":73,"type":"read_ok"}}
2024/07/21 19:25:24 Received {c2 n0 {"type":"broadcast","message":41,"msg_id":74}}
2024/07/21 19:25:24 Sent {"src":"n0","dest":"c2","body":{"in_reply_to":74,"msg_id":74,"type":"broadcast_ok"}}
2024/07/21 19:25:24 Received {c2 n0 {"type":"read","msg_id":75}}
2024/07/21 19:25:24 Sent {"src":"n0","dest":"c2","body":{"in_reply_to":75,"messages":[0,0,0,0,0,0,0,0,0,0,0,1,2,3,4,5,6,7,8,9,10,11,12,13,14,15,16,17,18,19,20,21,22,23,24,25,26,27,28,29,30,31,32,33,34,35,36,37,38,39,40,41],"msg_id":75,"type":"read_ok"}}
2024/07/21 19:25:24 Received {c2 n0 {"type":"broadcast","message":42,"msg_id":76}}
2024/07/21 19:25:24 Sent {"src":"n0","dest":"c2","body":{"in_reply_to":76,"msg_id":76,"type":"broadcast_ok"}}
2024/07/21 19:25:24 Received {c2 n0 {"type":"broadcast","message":43,"msg_id":77}}
2024/07/21 19:25:24 Sent {"src":"n0","dest":"c2","body":{"in_reply_to":77,"msg_id":77,"type":"broadcast_ok"}}
2024/07/21 19:25:24 Received {c2 n0 {"type":"broadcast","message":44,"msg_id":78}}
2024/07/21 19:25:24 Sent {"src":"n0","dest":"c2","body":{"in_reply_to":78,"msg_id":78,"type":"broadcast_ok"}}
2024/07/21 19:25:24 Received {c2 n0 {"type":"broadcast","message":45,"msg_id":79}}
2024/07/21 19:25:24 Sent {"src":"n0","dest":"c2","body":{"in_reply_to":79,"msg_id":79,"type":"broadcast_ok"}}
2024/07/21 19:25:24 Received {c2 n0 {"type":"read","msg_id":80}}
2024/07/21 19:25:24 Sent {"src":"n0","dest":"c2","body":{"in_reply_to":80,"messages":[0,0,0,0,0,0,0,0,0,0,0,1,2,3,4,5,6,7,8,9,10,11,12,13,14,15,16,17,18,19,20,21,22,23,24,25,26,27,28,29,30,31,32,33,34,35,36,37,38,39,40,41,42,43,44,45],"msg_id":80,"type":"read_ok"}}
2024/07/21 19:25:25 Received {c2 n0 {"type":"read","msg_id":81}}
2024/07/21 19:25:25 Sent {"src":"n0","dest":"c2","body":{"in_reply_to":81,"messages":[0,0,0,0,0,0,0,0,0,0,0,1,2,3,4,5,6,7,8,9,10,11,12,13,14,15,16,17,18,19,20,21,22,23,24,25,26,27,28,29,30,31,32,33,34,35,36,37,38,39,40,41,42,43,44,45],"msg_id":81,"type":"read_ok"}}
2024/07/21 19:25:25 Received {c2 n0 {"type":"broadcast","message":46,"msg_id":82}}
2024/07/21 19:25:25 Sent {"src":"n0","dest":"c2","body":{"in_reply_to":82,"msg_id":82,"type":"broadcast_ok"}}
2024/07/21 19:25:25 Received {c2 n0 {"type":"read","msg_id":83}}
2024/07/21 19:25:25 Sent {"src":"n0","dest":"c2","body":{"in_reply_to":83,"messages":[0,0,0,0,0,0,0,0,0,0,0,1,2,3,4,5,6,7,8,9,10,11,12,13,14,15,16,17,18,19,20,21,22,23,24,25,26,27,28,29,30,31,32,33,34,35,36,37,38,39,40,41,42,43,44,45,46],"msg_id":83,"type":"read_ok"}}
2024/07/21 19:25:25 Received {c2 n0 {"type":"read","msg_id":84}}
2024/07/21 19:25:25 Sent {"src":"n0","dest":"c2","body":{"in_reply_to":84,"messages":[0,0,0,0,0,0,0,0,0,0,0,1,2,3,4,5,6,7,8,9,10,11,12,13,14,15,16,17,18,19,20,21,22,23,24,25,26,27,28,29,30,31,32,33,34,35,36,37,38,39,40,41,42,43,44,45,46],"msg_id":84,"type":"read_ok"}}
2024/07/21 19:25:25 Received {c2 n0 {"type":"read","msg_id":85}}
2024/07/21 19:25:25 Sent {"src":"n0","dest":"c2","body":{"in_reply_to":85,"messages":[0,0,0,0,0,0,0,0,0,0,0,1,2,3,4,5,6,7,8,9,10,11,12,13,14,15,16,17,18,19,20,21,22,23,24,25,26,27,28,29,30,31,32,33,34,35,36,37,38,39,40,41,42,43,44,45,46],"msg_id":85,"type":"read_ok"}}
2024/07/21 19:25:25 Received {c2 n0 {"type":"read","msg_id":86}}
2024/07/21 19:25:25 Sent {"src":"n0","dest":"c2","body":{"in_reply_to":86,"messages":[0,0,0,0,0,0,0,0,0,0,0,1,2,3,4,5,6,7,8,9,10,11,12,13,14,15,16,17,18,19,20,21,22,23,24,25,26,27,28,29,30,31,32,33,34,35,36,37,38,39,40,41,42,43,44,45,46],"msg_id":86,"type":"read_ok"}}
2024/07/21 19:25:25 Received {c2 n0 {"type":"read","msg_id":87}}
2024/07/21 19:25:25 Sent {"src":"n0","dest":"c2","body":{"in_reply_to":87,"messages":[0,0,0,0,0,0,0,0,0,0,0,1,2,3,4,5,6,7,8,9,10,11,12,13,14,15,16,17,18,19,20,21,22,23,24,25,26,27,28,29,30,31,32,33,34,35,36,37,38,39,40,41,42,43,44,45,46],"msg_id":87,"type":"read_ok"}}
2024/07/21 19:25:25 Received {c2 n0 {"type":"broadcast","message":47,"msg_id":88}}
2024/07/21 19:25:25 Sent {"src":"n0","dest":"c2","body":{"in_reply_to":88,"msg_id":88,"type":"broadcast_ok"}}
2024/07/21 19:25:25 Received {c2 n0 {"type":"broadcast","message":48,"msg_id":89}}
2024/07/21 19:25:25 Sent {"src":"n0","dest":"c2","body":{"in_reply_to":89,"msg_id":89,"type":"broadcast_ok"}}
2024/07/21 19:25:25 Received {c2 n0 {"type":"read","msg_id":90}}
2024/07/21 19:25:25 Sent {"src":"n0","dest":"c2","body":{"in_reply_to":90,"messages":[0,0,0,0,0,0,0,0,0,0,0,1,2,3,4,5,6,7,8,9,10,11,12,13,14,15,16,17,18,19,20,21,22,23,24,25,26,27,28,29,30,31,32,33,34,35,36,37,38,39,40,41,42,43,44,45,46,47,48],"msg_id":90,"type":"read_ok"}}
2024/07/21 19:25:25 Received {c2 n0 {"type":"read","msg_id":91}}
2024/07/21 19:25:25 Sent {"src":"n0","dest":"c2","body":{"in_reply_to":91,"messages":[0,0,0,0,0,0,0,0,0,0,0,1,2,3,4,5,6,7,8,9,10,11,12,13,14,15,16,17,18,19,20,21,22,23,24,25,26,27,28,29,30,31,32,33,34,35,36,37,38,39,40,41,42,43,44,45,46,47,48],"msg_id":91,"type":"read_ok"}}
2024/07/21 19:25:25 Received {c2 n0 {"type":"broadcast","message":49,"msg_id":92}}
2024/07/21 19:25:25 Sent {"src":"n0","dest":"c2","body":{"in_reply_to":92,"msg_id":92,"type":"broadcast_ok"}}
2024/07/21 19:25:26 Received {c2 n0 {"type":"read","msg_id":93}}
2024/07/21 19:25:26 Sent {"src":"n0","dest":"c2","body":{"in_reply_to":93,"messages":[0,0,0,0,0,0,0,0,0,0,0,1,2,3,4,5,6,7,8,9,10,11,12,13,14,15,16,17,18,19,20,21,22,23,24,25,26,27,28,29,30,31,32,33,34,35,36,37,38,39,40,41,42,43,44,45,46,47,48,49],"msg_id":93,"type":"read_ok"}}
2024/07/21 19:25:26 Received {c2 n0 {"type":"read","msg_id":94}}
2024/07/21 19:25:26 Sent {"src":"n0","dest":"c2","body":{"in_reply_to":94,"messages":[0,0,0,0,0,0,0,0,0,0,0,1,2,3,4,5,6,7,8,9,10,11,12,13,14,15,16,17,18,19,20,21,22,23,24,25,26,27,28,29,30,31,32,33,34,35,36,37,38,39,40,41,42,43,44,45,46,47,48,49],"msg_id":94,"type":"read_ok"}}
2024/07/21 19:25:26 Received {c2 n0 {"type":"broadcast","message":50,"msg_id":95}}
2024/07/21 19:25:26 Sent {"src":"n0","dest":"c2","body":{"in_reply_to":95,"msg_id":95,"type":"broadcast_ok"}}
2024/07/21 19:25:26 Received {c2 n0 {"type":"read","msg_id":96}}
2024/07/21 19:25:26 Sent {"src":"n0","dest":"c2","body":{"in_reply_to":96,"messages":[0,0,0,0,0,0,0,0,0,0,0,1,2,3,4,5,6,7,8,9,10,11,12,13,14,15,16,17,18,19,20,21,22,23,24,25,26,27,28,29,30,31,32,33,34,35,36,37,38,39,40,41,42,43,44,45,46,47,48,49,50],"msg_id":96,"type":"read_ok"}}
2024/07/21 19:25:26 Received {c2 n0 {"type":"broadcast","message":51,"msg_id":97}}
2024/07/21 19:25:26 Sent {"src":"n0","dest":"c2","body":{"in_reply_to":97,"msg_id":97,"type":"broadcast_ok"}}
2024/07/21 19:25:26 Received {c2 n0 {"type":"read","msg_id":98}}
2024/07/21 19:25:26 Sent {"src":"n0","dest":"c2","body":{"in_reply_to":98,"messages":[0,0,0,0,0,0,0,0,0,0,0,1,2,3,4,5,6,7,8,9,10,11,12,13,14,15,16,17,18,19,20,21,22,23,24,25,26,27,28,29,30,31,32,33,34,35,36,37,38,39,40,41,42,43,44,45,46,47,48,49,50,51],"msg_id":98,"type":"read_ok"}}
2024/07/21 19:25:26 Received {c2 n0 {"type":"read","msg_id":99}}
2024/07/21 19:25:26 Sent {"src":"n0","dest":"c2","body":{"in_reply_to":99,"messages":[0,0,0,0,0,0,0,0,0,0,0,1,2,3,4,5,6,7,8,9,10,11,12,13,14,15,16,17,18,19,20,21,22,23,24,25,26,27,28,29,30,31,32,33,34,35,36,37,38,39,40,41,42,43,44,45,46,47,48,49,50,51],"msg_id":99,"type":"read_ok"}}
2024/07/21 19:25:26 Received {c2 n0 {"type":"read","msg_id":100}}
2024/07/21 19:25:26 Sent {"src":"n0","dest":"c2","body":{"in_reply_to":100,"messages":[0,0,0,0,0,0,0,0,0,0,0,1,2,3,4,5,6,7,8,9,10,11,12,13,14,15,16,17,18,19,20,21,22,23,24,25,26,27,28,29,30,31,32,33,34,35,36,37,38,39,40,41,42,43,44,45,46,47,48,49,50,51],"msg_id":100,"type":"read_ok"}}
2024/07/21 19:25:26 Received {c2 n0 {"type":"read","msg_id":101}}
2024/07/21 19:25:26 Sent {"src":"n0","dest":"c2","body":{"in_reply_to":101,"messages":[0,0,0,0,0,0,0,0,0,0,0,1,2,3,4,5,6,7,8,9,10,11,12,13,14,15,16,17,18,19,20,21,22,23,24,25,26,27,28,29,30,31,32,33,34,35,36,37,38,39,40,41,42,43,44,45,46,47,48,49,50,51],"msg_id":101,"type":"read_ok"}}
2024/07/21 19:25:26 Received {c2 n0 {"type":"read","msg_id":102}}
2024/07/21 19:25:26 Sent {"src":"n0","dest":"c2","body":{"in_reply_to":102,"messages":[0,0,0,0,0,0,0,0,0,0,0,1,2,3,4,5,6,7,8,9,10,11,12,13,14,15,16,17,18,19,20,21,22,23,24,25,26,27,28,29,30,31,32,33,34,35,36,37,38,39,40,41,42,43,44,45,46,47,48,49,50,51],"msg_id":102,"type":"read_ok"}}
2024/07/21 19:25:27 Received {c2 n0 {"type":"read","msg_id":103}}
2024/07/21 19:25:27 Sent {"src":"n0","dest":"c2","body":{"in_reply_to":103,"messages":[0,0,0,0,0,0,0,0,0,0,0,1,2,3,4,5,6,7,8,9,10,11,12,13,14,15,16,17,18,19,20,21,22,23,24,25,26,27,28,29,30,31,32,33,34,35,36,37,38,39,40,41,42,43,44,45,46,47,48,49,50,51],"msg_id":103,"type":"read_ok"}}
2024/07/21 19:25:27 Received {c2 n0 {"type":"broadcast","message":52,"msg_id":104}}
2024/07/21 19:25:27 Sent {"src":"n0","dest":"c2","body":{"in_reply_to":104,"msg_id":104,"type":"broadcast_ok"}}
2024/07/21 19:25:27 Received {c2 n0 {"type":"broadcast","message":53,"msg_id":105}}
2024/07/21 19:25:27 Sent {"src":"n0","dest":"c2","body":{"in_reply_to":105,"msg_id":105,"type":"broadcast_ok"}}
2024/07/21 19:25:27 Received {c2 n0 {"type":"read","msg_id":106}}
2024/07/21 19:25:27 Sent {"src":"n0","dest":"c2","body":{"in_reply_to":106,"messages":[0,0,0,0,0,0,0,0,0,0,0,1,2,3,4,5,6,7,8,9,10,11,12,13,14,15,16,17,18,19,20,21,22,23,24,25,26,27,28,29,30,31,32,33,34,35,36,37,38,39,40,41,42,43,44,45,46,47,48,49,50,51,52,53],"msg_id":106,"type":"read_ok"}}
2024/07/21 19:25:27 Received {c2 n0 {"type":"read","msg_id":107}}
2024/07/21 19:25:27 Sent {"src":"n0","dest":"c2","body":{"in_reply_to":107,"messages":[0,0,0,0,0,0,0,0,0,0,0,1,2,3,4,5,6,7,8,9,10,11,12,13,14,15,16,17,18,19,20,21,22,23,24,25,26,27,28,29,30,31,32,33,34,35,36,37,38,39,40,41,42,43,44,45,46,47,48,49,50,51,52,53],"msg_id":107,"type":"read_ok"}}
2024/07/21 19:25:27 Received {c2 n0 {"type":"read","msg_id":108}}
2024/07/21 19:25:27 Sent {"src":"n0","dest":"c2","body":{"in_reply_to":108,"messages":[0,0,0,0,0,0,0,0,0,0,0,1,2,3,4,5,6,7,8,9,10,11,12,13,14,15,16,17,18,19,20,21,22,23,24,25,26,27,28,29,30,31,32,33,34,35,36,37,38,39,40,41,42,43,44,45,46,47,48,49,50,51,52,53],"msg_id":108,"type":"read_ok"}}
2024/07/21 19:25:27 Received {c2 n0 {"type":"read","msg_id":109}}
2024/07/21 19:25:27 Sent {"src":"n0","dest":"c2","body":{"in_reply_to":109,"messages":[0,0,0,0,0,0,0,0,0,0,0,1,2,3,4,5,6,7,8,9,10,11,12,13,14,15,16,17,18,19,20,21,22,23,24,25,26,27,28,29,30,31,32,33,34,35,36,37,38,39,40,41,42,43,44,45,46,47,48,49,50,51,52,53],"msg_id":109,"type":"read_ok"}}
2024/07/21 19:25:27 Received {c2 n0 {"type":"broadcast","message":54,"msg_id":110}}
2024/07/21 19:25:27 Sent {"src":"n0","dest":"c2","body":{"in_reply_to":110,"msg_id":110,"type":"broadcast_ok"}}
2024/07/21 19:25:27 Received {c2 n0 {"type":"read","msg_id":111}}
2024/07/21 19:25:27 Sent {"src":"n0","dest":"c2","body":{"in_reply_to":111,"messages":[0,0,0,0,0,0,0,0,0,0,0,1,2,3,4,5,6,7,8,9,10,11,12,13,14,15,16,17,18,19,20,21,22,23,24,25,26,27,28,29,30,31,32,33,34,35,36,37,38,39,40,41,42,43,44,45,46,47,48,49,50,51,52,53,54],"msg_id":111,"type":"read_ok"}}
2024/07/21 19:25:27 Received {c2 n0 {"type":"broadcast","message":55,"msg_id":112}}
2024/07/21 19:25:27 Sent {"src":"n0","dest":"c2","body":{"in_reply_to":112,"msg_id":112,"type":"broadcast_ok"}}
2024/07/21 19:25:27 Received {c2 n0 {"type":"read","msg_id":113}}
2024/07/21 19:25:27 Sent {"src":"n0","dest":"c2","body":{"in_reply_to":113,"messages":[0,0,0,0,0,0,0,0,0,0,0,1,2,3,4,5,6,7,8,9,10,11,12,13,14,15,16,17,18,19,20,21,22,23,24,25,26,27,28,29,30,31,32,33,34,35,36,37,38,39,40,41,42,43,44,45,46,47,48,49,50,51,52,53,54,55],"msg_id":113,"type":"read_ok"}}
2024/07/21 19:25:27 Received {c2 n0 {"type":"broadcast","message":56,"msg_id":114}}
2024/07/21 19:25:27 Sent {"src":"n0","dest":"c2","body":{"in_reply_to":114,"msg_id":114,"type":"broadcast_ok"}}
2024/07/21 19:25:27 Received {c2 n0 {"type":"read","msg_id":115}}
2024/07/21 19:25:27 Sent {"src":"n0","dest":"c2","body":{"in_reply_to":115,"messages":[0,0,0,0,0,0,0,0,0,0,0,1,2,3,4,5,6,7,8,9,10,11,12,13,14,15,16,17,18,19,20,21,22,23,24,25,26,27,28,29,30,31,32,33,34,35,36,37,38,39,40,41,42,43,44,45,46,47,48,49,50,51,52,53,54,55,56],"msg_id":115,"type":"read_ok"}}
2024/07/21 19:25:27 Received {c2 n0 {"type":"broadcast","message":57,"msg_id":116}}
2024/07/21 19:25:27 Sent {"src":"n0","dest":"c2","body":{"in_reply_to":116,"msg_id":116,"type":"broadcast_ok"}}
2024/07/21 19:25:28 Received {c2 n0 {"type":"broadcast","message":58,"msg_id":117}}
2024/07/21 19:25:28 Sent {"src":"n0","dest":"c2","body":{"in_reply_to":117,"msg_id":117,"type":"broadcast_ok"}}
2024/07/21 19:25:28 Received {c2 n0 {"type":"broadcast","message":59,"msg_id":118}}
2024/07/21 19:25:28 Sent {"src":"n0","dest":"c2","body":{"in_reply_to":118,"msg_id":118,"type":"broadcast_ok"}}
2024/07/21 19:25:28 Received {c2 n0 {"type":"read","msg_id":119}}
2024/07/21 19:25:28 Sent {"src":"n0","dest":"c2","body":{"in_reply_to":119,"messages":[0,0,0,0,0,0,0,0,0,0,0,1,2,3,4,5,6,7,8,9,10,11,12,13,14,15,16,17,18,19,20,21,22,23,24,25,26,27,28,29,30,31,32,33,34,35,36,37,38,39,40,41,42,43,44,45,46,47,48,49,50,51,52,53,54,55,56,57,58,59],"msg_id":119,"type":"read_ok"}}
2024/07/21 19:25:28 Received {c2 n0 {"type":"read","msg_id":120}}
2024/07/21 19:25:28 Sent {"src":"n0","dest":"c2","body":{"in_reply_to":120,"messages":[0,0,0,0,0,0,0,0,0,0,0,1,2,3,4,5,6,7,8,9,10,11,12,13,14,15,16,17,18,19,20,21,22,23,24,25,26,27,28,29,30,31,32,33,34,35,36,37,38,39,40,41,42,43,44,45,46,47,48,49,50,51,52,53,54,55,56,57,58,59],"msg_id":120,"type":"read_ok"}}
2024/07/21 19:25:28 Received {c2 n0 {"type":"broadcast","message":60,"msg_id":121}}
2024/07/21 19:25:28 Sent {"src":"n0","dest":"c2","body":{"in_reply_to":121,"msg_id":121,"type":"broadcast_ok"}}
2024/07/21 19:25:28 Received {c2 n0 {"type":"read","msg_id":122}}
2024/07/21 19:25:28 Sent {"src":"n0","dest":"c2","body":{"in_reply_to":122,"messages":[0,0,0,0,0,0,0,0,0,0,0,1,2,3,4,5,6,7,8,9,10,11,12,13,14,15,16,17,18,19,20,21,22,23,24,25,26,27,28,29,30,31,32,33,34,35,36,37,38,39,40,41,42,43,44,45,46,47,48,49,50,51,52,53,54,55,56,57,58,59,60],"msg_id":122,"type":"read_ok"}}
2024/07/21 19:25:28 Received {c2 n0 {"type":"broadcast","message":61,"msg_id":123}}
2024/07/21 19:25:28 Sent {"src":"n0","dest":"c2","body":{"in_reply_to":123,"msg_id":123,"type":"broadcast_ok"}}
2024/07/21 19:25:28 Received {c2 n0 {"type":"broadcast","message":62,"msg_id":124}}
2024/07/21 19:25:28 Sent {"src":"n0","dest":"c2","body":{"in_reply_to":124,"msg_id":124,"type":"broadcast_ok"}}
2024/07/21 19:25:28 Received {c2 n0 {"type":"read","msg_id":125}}
2024/07/21 19:25:28 Sent {"src":"n0","dest":"c2","body":{"in_reply_to":125,"messages":[0,0,0,0,0,0,0,0,0,0,0,1,2,3,4,5,6,7,8,9,10,11,12,13,14,15,16,17,18,19,20,21,22,23,24,25,26,27,28,29,30,31,32,33,34,35,36,37,38,39,40,41,42,43,44,45,46,47,48,49,50,51,52,53,54,55,56,57,58,59,60,61,62],"msg_id":125,"type":"read_ok"}}
2024/07/21 19:25:28 Received {c2 n0 {"type":"broadcast","message":63,"msg_id":126}}
2024/07/21 19:25:28 Sent {"src":"n0","dest":"c2","body":{"in_reply_to":126,"msg_id":126,"type":"broadcast_ok"}}
2024/07/21 19:25:28 Received {c2 n0 {"type":"broadcast","message":64,"msg_id":127}}
2024/07/21 19:25:28 Sent {"src":"n0","dest":"c2","body":{"in_reply_to":127,"msg_id":127,"type":"broadcast_ok"}}
2024/07/21 19:25:28 Received {c2 n0 {"type":"broadcast","message":65,"msg_id":128}}
2024/07/21 19:25:28 Sent {"src":"n0","dest":"c2","body":{"in_reply_to":128,"msg_id":128,"type":"broadcast_ok"}}
2024/07/21 19:25:28 Received {c2 n0 {"type":"broadcast","message":66,"msg_id":129}}
2024/07/21 19:25:28 Sent {"src":"n0","dest":"c2","body":{"in_reply_to":129,"msg_id":129,"type":"broadcast_ok"}}
2024/07/21 19:25:28 Received {c2 n0 {"type":"broadcast","message":67,"msg_id":130}}
2024/07/21 19:25:28 Sent {"src":"n0","dest":"c2","body":{"in_reply_to":130,"msg_id":130,"type":"broadcast_ok"}}
2024/07/21 19:25:28 Received {c2 n0 {"type":"read","msg_id":131}}
2024/07/21 19:25:28 Sent {"src":"n0","dest":"c2","body":{"in_reply_to":131,"messages":[0,0,0,0,0,0,0,0,0,0,0,1,2,3,4,5,6,7,8,9,10,11,12,13,14,15,16,17,18,19,20,21,22,23,24,25,26,27,28,29,30,31,32,33,34,35,36,37,38,39,40,41,42,43,44,45,46,47,48,49,50,51,52,53,54,55,56,57,58,59,60,61,62,63,64,65,66,67],"msg_id":131,"type":"read_ok"}}
2024/07/21 19:25:28 Received {c2 n0 {"type":"read","msg_id":132}}
2024/07/21 19:25:28 Sent {"src":"n0","dest":"c2","body":{"in_reply_to":132,"messages":[0,0,0,0,0,0,0,0,0,0,0,1,2,3,4,5,6,7,8,9,10,11,12,13,14,15,16,17,18,19,20,21,22,23,24,25,26,27,28,29,30,31,32,33,34,35,36,37,38,39,40,41,42,43,44,45,46,47,48,49,50,51,52,53,54,55,56,57,58,59,60,61,62,63,64,65,66,67],"msg_id":132,"type":"read_ok"}}
2024/07/21 19:25:29 Received {c2 n0 {"type":"read","msg_id":133}}
2024/07/21 19:25:29 Sent {"src":"n0","dest":"c2","body":{"in_reply_to":133,"messages":[0,0,0,0,0,0,0,0,0,0,0,1,2,3,4,5,6,7,8,9,10,11,12,13,14,15,16,17,18,19,20,21,22,23,24,25,26,27,28,29,30,31,32,33,34,35,36,37,38,39,40,41,42,43,44,45,46,47,48,49,50,51,52,53,54,55,56,57,58,59,60,61,62,63,64,65,66,67],"msg_id":133,"type":"read_ok"}}
2024/07/21 19:25:29 Received {c2 n0 {"type":"broadcast","message":68,"msg_id":134}}
2024/07/21 19:25:29 Sent {"src":"n0","dest":"c2","body":{"in_reply_to":134,"msg_id":134,"type":"broadcast_ok"}}
2024/07/21 19:25:29 Received {c2 n0 {"type":"read","msg_id":135}}
2024/07/21 19:25:29 Sent {"src":"n0","dest":"c2","body":{"in_reply_to":135,"messages":[0,0,0,0,0,0,0,0,0,0,0,1,2,3,4,5,6,7,8,9,10,11,12,13,14,15,16,17,18,19,20,21,22,23,24,25,26,27,28,29,30,31,32,33,34,35,36,37,38,39,40,41,42,43,44,45,46,47,48,49,50,51,52,53,54,55,56,57,58,59,60,61,62,63,64,65,66,67,68],"msg_id":135,"type":"read_ok"}}
2024/07/21 19:25:29 Received {c2 n0 {"type":"read","msg_id":136}}
2024/07/21 19:25:29 Sent {"src":"n0","dest":"c2","body":{"in_reply_to":136,"messages":[0,0,0,0,0,0,0,0,0,0,0,1,2,3,4,5,6,7,8,9,10,11,12,13,14,15,16,17,18,19,20,21,22,23,24,25,26,27,28,29,30,31,32,33,34,35,36,37,38,39,40,41,42,43,44,45,46,47,48,49,50,51,52,53,54,55,56,57,58,59,60,61,62,63,64,65,66,67,68],"msg_id":136,"type":"read_ok"}}
2024/07/21 19:25:29 Received {c2 n0 {"type":"read","msg_id":137}}
2024/07/21 19:25:29 Sent {"src":"n0","dest":"c2","body":{"in_reply_to":137,"messages":[0,0,0,0,0,0,0,0,0,0,0,1,2,3,4,5,6,7,8,9,10,11,12,13,14,15,16,17,18,19,20,21,22,23,24,25,26,27,28,29,30,31,32,33,34,35,36,37,38,39,40,41,42,43,44,45,46,47,48,49,50,51,52,53,54,55,56,57,58,59,60,61,62,63,64,65,66,67,68],"msg_id":137,"type":"read_ok"}}
2024/07/21 19:25:29 Received {c2 n0 {"type":"broadcast","message":69,"msg_id":138}}
2024/07/21 19:25:29 Sent {"src":"n0","dest":"c2","body":{"in_reply_to":138,"msg_id":138,"type":"broadcast_ok"}}
2024/07/21 19:25:29 Received {c2 n0 {"type":"broadcast","message":70,"msg_id":139}}
2024/07/21 19:25:29 Sent {"src":"n0","dest":"c2","body":{"in_reply_to":139,"msg_id":139,"type":"broadcast_ok"}}
2024/07/21 19:25:29 Received {c2 n0 {"type":"broadcast","message":71,"msg_id":140}}
2024/07/21 19:25:29 Sent {"src":"n0","dest":"c2","body":{"in_reply_to":140,"msg_id":140,"type":"broadcast_ok"}}
2024/07/21 19:25:30 Received {c2 n0 {"type":"read","msg_id":141}}
2024/07/21 19:25:30 Sent {"src":"n0","dest":"c2","body":{"in_reply_to":141,"messages":[0,0,0,0,0,0,0,0,0,0,0,1,2,3,4,5,6,7,8,9,10,11,12,13,14,15,16,17,18,19,20,21,22,23,24,25,26,27,28,29,30,31,32,33,34,35,36,37,38,39,40,41,42,43,44,45,46,47,48,49,50,51,52,53,54,55,56,57,58,59,60,61,62,63,64,65,66,67,68,69,70,71],"msg_id":141,"type":"read_ok"}}
2024/07/21 19:25:30 Received {c2 n0 {"type":"broadcast","message":72,"msg_id":142}}
2024/07/21 19:25:30 Sent {"src":"n0","dest":"c2","body":{"in_reply_to":142,"msg_id":142,"type":"broadcast_ok"}}
2024/07/21 19:25:30 Received {c2 n0 {"type":"read","msg_id":143}}
2024/07/21 19:25:30 Sent {"src":"n0","dest":"c2","body":{"in_reply_to":143,"messages":[0,0,0,0,0,0,0,0,0,0,0,1,2,3,4,5,6,7,8,9,10,11,12,13,14,15,16,17,18,19,20,21,22,23,24,25,26,27,28,29,30,31,32,33,34,35,36,37,38,39,40,41,42,43,44,45,46,47,48,49,50,51,52,53,54,55,56,57,58,59,60,61,62,63,64,65,66,67,68,69,70,71,72],"msg_id":143,"type":"read_ok"}}
2024/07/21 19:25:30 Received {c2 n0 {"type":"read","msg_id":144}}
2024/07/21 19:25:30 Sent {"src":"n0","dest":"c2","body":{"in_reply_to":144,"messages":[0,0,0,0,0,0,0,0,0,0,0,1,2,3,4,5,6,7,8,9,10,11,12,13,14,15,16,17,18,19,20,21,22,23,24,25,26,27,28,29,30,31,32,33,34,35,36,37,38,39,40,41,42,43,44,45,46,47,48,49,50,51,52,53,54,55,56,57,58,59,60,61,62,63,64,65,66,67,68,69,70,71,72],"msg_id":144,"type":"read_ok"}}
2024/07/21 19:25:30 Received {c2 n0 {"type":"broadcast","message":73,"msg_id":145}}
2024/07/21 19:25:30 Sent {"src":"n0","dest":"c2","body":{"in_reply_to":145,"msg_id":145,"type":"broadcast_ok"}}
2024/07/21 19:25:30 Received {c2 n0 {"type":"broadcast","message":74,"msg_id":146}}
2024/07/21 19:25:30 Sent {"src":"n0","dest":"c2","body":{"in_reply_to":146,"msg_id":146,"type":"broadcast_ok"}}
2024/07/21 19:25:30 Received {c2 n0 {"type":"broadcast","message":75,"msg_id":147}}
2024/07/21 19:25:30 Sent {"src":"n0","dest":"c2","body":{"in_reply_to":147,"msg_id":147,"type":"broadcast_ok"}}
2024/07/21 19:25:31 Received {c2 n0 {"type":"broadcast","message":76,"msg_id":148}}
2024/07/21 19:25:31 Sent {"src":"n0","dest":"c2","body":{"in_reply_to":148,"msg_id":148,"type":"broadcast_ok"}}
2024/07/21 19:25:31 Received {c2 n0 {"type":"read","msg_id":149}}
2024/07/21 19:25:31 Sent {"src":"n0","dest":"c2","body":{"in_reply_to":149,"messages":[0,0,0,0,0,0,0,0,0,0,0,1,2,3,4,5,6,7,8,9,10,11,12,13,14,15,16,17,18,19,20,21,22,23,24,25,26,27,28,29,30,31,32,33,34,35,36,37,38,39,40,41,42,43,44,45,46,47,48,49,50,51,52,53,54,55,56,57,58,59,60,61,62,63,64,65,66,67,68,69,70,71,72,73,74,75,76],"msg_id":149,"type":"read_ok"}}
2024/07/21 19:25:31 Received {c2 n0 {"type":"broadcast","message":77,"msg_id":150}}
2024/07/21 19:25:31 Sent {"src":"n0","dest":"c2","body":{"in_reply_to":150,"msg_id":150,"type":"broadcast_ok"}}
2024/07/21 19:25:31 Received {c2 n0 {"type":"broadcast","message":78,"msg_id":151}}
2024/07/21 19:25:31 Sent {"src":"n0","dest":"c2","body":{"in_reply_to":151,"msg_id":151,"type":"broadcast_ok"}}
2024/07/21 19:25:31 Received {c2 n0 {"type":"broadcast","message":79,"msg_id":152}}
2024/07/21 19:25:31 Sent {"src":"n0","dest":"c2","body":{"in_reply_to":152,"msg_id":152,"type":"broadcast_ok"}}
2024/07/21 19:25:31 Received {c2 n0 {"type":"broadcast","message":80,"msg_id":153}}
2024/07/21 19:25:31 Sent {"src":"n0","dest":"c2","body":{"in_reply_to":153,"msg_id":153,"type":"broadcast_ok"}}
2024/07/21 19:25:31 Received {c2 n0 {"type":"broadcast","message":81,"msg_id":154}}
2024/07/21 19:25:31 Sent {"src":"n0","dest":"c2","body":{"in_reply_to":154,"msg_id":154,"type":"broadcast_ok"}}
2024/07/21 19:25:31 Received {c2 n0 {"type":"read","msg_id":155}}
2024/07/21 19:25:31 Sent {"src":"n0","dest":"c2","body":{"in_reply_to":155,"messages":[0,0,0,0,0,0,0,0,0,0,0,1,2,3,4,5,6,7,8,9,10,11,12,13,14,15,16,17,18,19,20,21,22,23,24,25,26,27,28,29,30,31,32,33,34,35,36,37,38,39,40,41,42,43,44,45,46,47,48,49,50,51,52,53,54,55,56,57,58,59,60,61,62,63,64,65,66,67,68,69,70,71,72,73,74,75,76,77,78,79,80,81],"msg_id":155,"type":"read_ok"}}
2024/07/21 19:25:31 Received {c2 n0 {"type":"broadcast","message":82,"msg_id":156}}
2024/07/21 19:25:31 Sent {"src":"n0","dest":"c2","body":{"in_reply_to":156,"msg_id":156,"type":"broadcast_ok"}}
2024/07/21 19:25:31 Received {c2 n0 {"type":"read","msg_id":157}}
2024/07/21 19:25:31 Sent {"src":"n0","dest":"c2","body":{"in_reply_to":157,"messages":[0,0,0,0,0,0,0,0,0,0,0,1,2,3,4,5,6,7,8,9,10,11,12,13,14,15,16,17,18,19,20,21,22,23,24,25,26,27,28,29,30,31,32,33,34,35,36,37,38,39,40,41,42,43,44,45,46,47,48,49,50,51,52,53,54,55,56,57,58,59,60,61,62,63,64,65,66,67,68,69,70,71,72,73,74,75,76,77,78,79,80,81,82],"msg_id":157,"type":"read_ok"}}
2024/07/21 19:25:31 Received {c2 n0 {"type":"read","msg_id":158}}
2024/07/21 19:25:31 Sent {"src":"n0","dest":"c2","body":{"in_reply_to":158,"messages":[0,0,0,0,0,0,0,0,0,0,0,1,2,3,4,5,6,7,8,9,10,11,12,13,14,15,16,17,18,19,20,21,22,23,24,25,26,27,28,29,30,31,32,33,34,35,36,37,38,39,40,41,42,43,44,45,46,47,48,49,50,51,52,53,54,55,56,57,58,59,60,61,62,63,64,65,66,67,68,69,70,71,72,73,74,75,76,77,78,79,80,81,82],"msg_id":158,"type":"read_ok"}}
2024/07/21 19:25:32 Received {c2 n0 {"type":"broadcast","message":83,"msg_id":159}}
2024/07/21 19:25:32 Sent {"src":"n0","dest":"c2","body":{"in_reply_to":159,"msg_id":159,"type":"broadcast_ok"}}
2024/07/21 19:25:32 Received {c2 n0 {"type":"read","msg_id":160}}
2024/07/21 19:25:32 Sent {"src":"n0","dest":"c2","body":{"in_reply_to":160,"messages":[0,0,0,0,0,0,0,0,0,0,0,1,2,3,4,5,6,7,8,9,10,11,12,13,14,15,16,17,18,19,20,21,22,23,24,25,26,27,28,29,30,31,32,33,34,35,36,37,38,39,40,41,42,43,44,45,46,47,48,49,50,51,52,53,54,55,56,57,58,59,60,61,62,63,64,65,66,67,68,69,70,71,72,73,74,75,76,77,78,79,80,81,82,83],"msg_id":160,"type":"read_ok"}}
2024/07/21 19:25:32 Received {c2 n0 {"type":"read","msg_id":161}}
2024/07/21 19:25:32 Sent {"src":"n0","dest":"c2","body":{"in_reply_to":161,"messages":[0,0,0,0,0,0,0,0,0,0,0,1,2,3,4,5,6,7,8,9,10,11,12,13,14,15,16,17,18,19,20,21,22,23,24,25,26,27,28,29,30,31,32,33,34,35,36,37,38,39,40,41,42,43,44,45,46,47,48,49,50,51,52,53,54,55,56,57,58,59,60,61,62,63,64,65,66,67,68,69,70,71,72,73,74,75,76,77,78,79,80,81,82,83],"msg_id":161,"type":"read_ok"}}
2024/07/21 19:25:32 Received {c2 n0 {"type":"broadcast","message":84,"msg_id":162}}
2024/07/21 19:25:32 Sent {"src":"n0","dest":"c2","body":{"in_reply_to":162,"msg_id":162,"type":"broadcast_ok"}}
2024/07/21 19:25:32 Received {c2 n0 {"type":"read","msg_id":163}}
2024/07/21 19:25:32 Sent {"src":"n0","dest":"c2","body":{"in_reply_to":163,"messages":[0,0,0,0,0,0,0,0,0,0,0,1,2,3,4,5,6,7,8,9,10,11,12,13,14,15,16,17,18,19,20,21,22,23,24,25,26,27,28,29,30,31,32,33,34,35,36,37,38,39,40,41,42,43,44,45,46,47,48,49,50,51,52,53,54,55,56,57,58,59,60,61,62,63,64,65,66,67,68,69,70,71,72,73,74,75,76,77,78,79,80,81,82,83,84],"msg_id":163,"type":"read_ok"}}
2024/07/21 19:25:32 Received {c2 n0 {"type":"broadcast","message":85,"msg_id":164}}
2024/07/21 19:25:32 Sent {"src":"n0","dest":"c2","body":{"in_reply_to":164,"msg_id":164,"type":"broadcast_ok"}}
2024/07/21 19:25:32 Received {c2 n0 {"type":"broadcast","message":86,"msg_id":165}}
2024/07/21 19:25:32 Sent {"src":"n0","dest":"c2","body":{"in_reply_to":165,"msg_id":165,"type":"broadcast_ok"}}
2024/07/21 19:25:32 Received {c2 n0 {"type":"read","msg_id":166}}
2024/07/21 19:25:32 Sent {"src":"n0","dest":"c2","body":{"in_reply_to":166,"messages":[0,0,0,0,0,0,0,0,0,0,0,1,2,3,4,5,6,7,8,9,10,11,12,13,14,15,16,17,18,19,20,21,22,23,24,25,26,27,28,29,30,31,32,33,34,35,36,37,38,39,40,41,42,43,44,45,46,47,48,49,50,51,52,53,54,55,56,57,58,59,60,61,62,63,64,65,66,67,68,69,70,71,72,73,74,75,76,77,78,79,80,81,82,83,84,85,86],"msg_id":166,"type":"read_ok"}}
2024/07/21 19:25:32 Received {c2 n0 {"type":"broadcast","message":87,"msg_id":167}}
2024/07/21 19:25:32 Sent {"src":"n0","dest":"c2","body":{"in_reply_to":167,"msg_id":167,"type":"broadcast_ok"}}
2024/07/21 19:25:32 Received {c2 n0 {"type":"broadcast","message":88,"msg_id":168}}
2024/07/21 19:25:32 Sent {"src":"n0","dest":"c2","body":{"in_reply_to":168,"msg_id":168,"type":"broadcast_ok"}}
2024/07/21 19:25:32 Received {c2 n0 {"type":"broadcast","message":89,"msg_id":169}}
2024/07/21 19:25:32 Sent {"src":"n0","dest":"c2","body":{"in_reply_to":169,"msg_id":169,"type":"broadcast_ok"}}
2024/07/21 19:25:32 Received {c2 n0 {"type":"broadcast","message":90,"msg_id":170}}
2024/07/21 19:25:32 Sent {"src":"n0","dest":"c2","body":{"in_reply_to":170,"msg_id":170,"type":"broadcast_ok"}}
2024/07/21 19:25:33 Received {c2 n0 {"type":"broadcast","message":91,"msg_id":171}}
2024/07/21 19:25:33 Sent {"src":"n0","dest":"c2","body":{"in_reply_to":171,"msg_id":171,"type":"broadcast_ok"}}
2024/07/21 19:25:33 Received {c2 n0 {"type":"broadcast","message":92,"msg_id":172}}
2024/07/21 19:25:33 Sent {"src":"n0","dest":"c2","body":{"in_reply_to":172,"msg_id":172,"type":"broadcast_ok"}}
2024/07/21 19:25:33 Received {c2 n0 {"type":"broadcast","message":93,"msg_id":173}}
2024/07/21 19:25:33 Sent {"src":"n0","dest":"c2","body":{"in_reply_to":173,"msg_id":173,"type":"broadcast_ok"}}
2024/07/21 19:25:33 Received {c2 n0 {"type":"broadcast","message":94,"msg_id":174}}
2024/07/21 19:25:33 Sent {"src":"n0","dest":"c2","body":{"in_reply_to":174,"msg_id":174,"type":"broadcast_ok"}}
2024/07/21 19:25:33 Received {c2 n0 {"type":"read","msg_id":175}}
2024/07/21 19:25:33 Sent {"src":"n0","dest":"c2","body":{"in_reply_to":175,"messages":[0,0,0,0,0,0,0,0,0,0,0,1,2,3,4,5,6,7,8,9,10,11,12,13,14,15,16,17,18,19,20,21,22,23,24,25,26,27,28,29,30,31,32,33,34,35,36,37,38,39,40,41,42,43,44,45,46,47,48,49,50,51,52,53,54,55,56,57,58,59,60,61,62,63,64,65,66,67,68,69,70,71,72,73,74,75,76,77,78,79,80,81,82,83,84,85,86,87,88,89,90,91,92,93,94],"msg_id":175,"type":"read_ok"}}
2024/07/21 19:25:33 Received {c2 n0 {"type":"read","msg_id":176}}
2024/07/21 19:25:33 Sent {"src":"n0","dest":"c2","body":{"in_reply_to":176,"messages":[0,0,0,0,0,0,0,0,0,0,0,1,2,3,4,5,6,7,8,9,10,11,12,13,14,15,16,17,18,19,20,21,22,23,24,25,26,27,28,29,30,31,32,33,34,35,36,37,38,39,40,41,42,43,44,45,46,47,48,49,50,51,52,53,54,55,56,57,58,59,60,61,62,63,64,65,66,67,68,69,70,71,72,73,74,75,76,77,78,79,80,81,82,83,84,85,86,87,88,89,90,91,92,93,94],"msg_id":176,"type":"read_ok"}}
2024/07/21 19:25:33 Received {c2 n0 {"type":"broadcast","message":95,"msg_id":177}}
2024/07/21 19:25:33 Sent {"src":"n0","dest":"c2","body":{"in_reply_to":177,"msg_id":177,"type":"broadcast_ok"}}
2024/07/21 19:25:33 Received {c2 n0 {"type":"read","msg_id":178}}
2024/07/21 19:25:33 Sent {"src":"n0","dest":"c2","body":{"in_reply_to":178,"messages":[0,0,0,0,0,0,0,0,0,0,0,1,2,3,4,5,6,7,8,9,10,11,12,13,14,15,16,17,18,19,20,21,22,23,24,25,26,27,28,29,30,31,32,33,34,35,36,37,38,39,40,41,42,43,44,45,46,47,48,49,50,51,52,53,54,55,56,57,58,59,60,61,62,63,64,65,66,67,68,69,70,71,72,73,74,75,76,77,78,79,80,81,82,83,84,85,86,87,88,89,90,91,92,93,94,95],"msg_id":178,"type":"read_ok"}}
2024/07/21 19:25:33 Received {c2 n0 {"type":"read","msg_id":179}}
2024/07/21 19:25:33 Sent {"src":"n0","dest":"c2","body":{"in_reply_to":179,"messages":[0,0,0,0,0,0,0,0,0,0,0,1,2,3,4,5,6,7,8,9,10,11,12,13,14,15,16,17,18,19,20,21,22,23,24,25,26,27,28,29,30,31,32,33,34,35,36,37,38,39,40,41,42,43,44,45,46,47,48,49,50,51,52,53,54,55,56,57,58,59,60,61,62,63,64,65,66,67,68,69,70,71,72,73,74,75,76,77,78,79,80,81,82,83,84,85,86,87,88,89,90,91,92,93,94,95],"msg_id":179,"type":"read_ok"}}
2024/07/21 19:25:33 Received {c2 n0 {"type":"broadcast","message":96,"msg_id":180}}
2024/07/21 19:25:33 Sent {"src":"n0","dest":"c2","body":{"in_reply_to":180,"msg_id":180,"type":"broadcast_ok"}}
2024/07/21 19:25:34 Received {c2 n0 {"type":"broadcast","message":97,"msg_id":181}}
2024/07/21 19:25:34 Sent {"src":"n0","dest":"c2","body":{"in_reply_to":181,"msg_id":181,"type":"broadcast_ok"}}
2024/07/21 19:25:34 Received {c2 n0 {"type":"broadcast","message":98,"msg_id":182}}
2024/07/21 19:25:34 Sent {"src":"n0","dest":"c2","body":{"in_reply_to":182,"msg_id":182,"type":"broadcast_ok"}}
2024/07/21 19:25:34 Received {c2 n0 {"type":"read","msg_id":183}}
2024/07/21 19:25:34 Sent {"src":"n0","dest":"c2","body":{"in_reply_to":183,"messages":[0,0,0,0,0,0,0,0,0,0,0,1,2,3,4,5,6,7,8,9,10,11,12,13,14,15,16,17,18,19,20,21,22,23,24,25,26,27,28,29,30,31,32,33,34,35,36,37,38,39,40,41,42,43,44,45,46,47,48,49,50,51,52,53,54,55,56,57,58,59,60,61,62,63,64,65,66,67,68,69,70,71,72,73,74,75,76,77,78,79,80,81,82,83,84,85,86,87,88,89,90,91,92,93,94,95,96,97,98],"msg_id":183,"type":"read_ok"}}
2024/07/21 19:25:34 Received {c2 n0 {"type":"read","msg_id":184}}
2024/07/21 19:25:34 Sent {"src":"n0","dest":"c2","body":{"in_reply_to":184,"messages":[0,0,0,0,0,0,0,0,0,0,0,1,2,3,4,5,6,7,8,9,10,11,12,13,14,15,16,17,18,19,20,21,22,23,24,25,26,27,28,29,30,31,32,33,34,35,36,37,38,39,40,41,42,43,44,45,46,47,48,49,50,51,52,53,54,55,56,57,58,59,60,61,62,63,64,65,66,67,68,69,70,71,72,73,74,75,76,77,78,79,80,81,82,83,84,85,86,87,88,89,90,91,92,93,94,95,96,97,98],"msg_id":184,"type":"read_ok"}}
2024/07/21 19:25:34 Received {c2 n0 {"type":"broadcast","message":99,"msg_id":185}}
2024/07/21 19:25:34 Sent {"src":"n0","dest":"c2","body":{"in_reply_to":185,"msg_id":185,"type":"broadcast_ok"}}
2024/07/21 19:25:34 Received {c2 n0 {"type":"read","msg_id":186}}
2024/07/21 19:25:34 Sent {"src":"n0","dest":"c2","body":{"in_reply_to":186,"messages":[0,0,0,0,0,0,0,0,0,0,0,1,2,3,4,5,6,7,8,9,10,11,12,13,14,15,16,17,18,19,20,21,22,23,24,25,26,27,28,29,30,31,32,33,34,35,36,37,38,39,40,41,42,43,44,45,46,47,48,49,50,51,52,53,54,55,56,57,58,59,60,61,62,63,64,65,66,67,68,69,70,71,72,73,74,75,76,77,78,79,80,81,82,83,84,85,86,87,88,89,90,91,92,93,94,95,96,97,98,99],"msg_id":186,"type":"read_ok"}}
2024/07/21 19:25:34 Received {c2 n0 {"type":"broadcast","message":100,"msg_id":187}}
2024/07/21 19:25:34 Sent {"src":"n0","dest":"c2","body":{"in_reply_to":187,"msg_id":187,"type":"broadcast_ok"}}
2024/07/21 19:25:34 Received {c2 n0 {"type":"broadcast","message":101,"msg_id":188}}
2024/07/21 19:25:34 Sent {"src":"n0","dest":"c2","body":{"in_reply_to":188,"msg_id":188,"type":"broadcast_ok"}}
2024/07/21 19:25:34 Received {c2 n0 {"type":"broadcast","message":102,"msg_id":189}}
2024/07/21 19:25:34 Sent {"src":"n0","dest":"c2","body":{"in_reply_to":189,"msg_id":189,"type":"broadcast_ok"}}
2024/07/21 19:25:34 Received {c2 n0 {"type":"broadcast","message":103,"msg_id":190}}
2024/07/21 19:25:34 Sent {"src":"n0","dest":"c2","body":{"in_reply_to":190,"msg_id":190,"type":"broadcast_ok"}}
2024/07/21 19:25:34 Received {c2 n0 {"type":"broadcast","message":104,"msg_id":191}}
2024/07/21 19:25:34 Sent {"src":"n0","dest":"c2","body":{"in_reply_to":191,"msg_id":191,"type":"broadcast_ok"}}
2024/07/21 19:25:35 Received {c2 n0 {"type":"read","msg_id":192}}
2024/07/21 19:25:35 Sent {"src":"n0","dest":"c2","body":{"in_reply_to":192,"messages":[0,0,0,0,0,0,0,0,0,0,0,1,2,3,4,5,6,7,8,9,10,11,12,13,14,15,16,17,18,19,20,21,22,23,24,25,26,27,28,29,30,31,32,33,34,35,36,37,38,39,40,41,42,43,44,45,46,47,48,49,50,51,52,53,54,55,56,57,58,59,60,61,62,63,64,65,66,67,68,69,70,71,72,73,74,75,76,77,78,79,80,81,82,83,84,85,86,87,88,89,90,91,92,93,94,95,96,97,98,99,100,101,102,103,104],"msg_id":192,"type":"read_ok"}}
2024/07/21 19:25:35 Received {c2 n0 {"type":"broadcast","message":105,"msg_id":193}}
2024/07/21 19:25:35 Sent {"src":"n0","dest":"c2","body":{"in_reply_to":193,"msg_id":193,"type":"broadcast_ok"}}
2024/07/21 19:25:35 Received {c2 n0 {"type":"broadcast","message":106,"msg_id":194}}
2024/07/21 19:25:35 Sent {"src":"n0","dest":"c2","body":{"in_reply_to":194,"msg_id":194,"type":"broadcast_ok"}}
2024/07/21 19:25:35 Received {c2 n0 {"type":"broadcast","message":107,"msg_id":195}}
2024/07/21 19:25:35 Sent {"src":"n0","dest":"c2","body":{"in_reply_to":195,"msg_id":195,"type":"broadcast_ok"}}
2024/07/21 19:25:35 Received {c2 n0 {"type":"broadcast","message":108,"msg_id":196}}
2024/07/21 19:25:35 Sent {"src":"n0","dest":"c2","body":{"in_reply_to":196,"msg_id":196,"type":"broadcast_ok"}}
2024/07/21 19:25:35 Received {c2 n0 {"type":"broadcast","message":109,"msg_id":197}}
2024/07/21 19:25:35 Sent {"src":"n0","dest":"c2","body":{"in_reply_to":197,"msg_id":197,"type":"broadcast_ok"}}
2024/07/21 19:25:35 Received {c2 n0 {"type":"read","msg_id":198}}
2024/07/21 19:25:35 Sent {"src":"n0","dest":"c2","body":{"in_reply_to":198,"messages":[0,0,0,0,0,0,0,0,0,0,0,1,2,3,4,5,6,7,8,9,10,11,12,13,14,15,16,17,18,19,20,21,22,23,24,25,26,27,28,29,30,31,32,33,34,35,36,37,38,39,40,41,42,43,44,45,46,47,48,49,50,51,52,53,54,55,56,57,58,59,60,61,62,63,64,65,66,67,68,69,70,71,72,73,74,75,76,77,78,79,80,81,82,83,84,85,86,87,88,89,90,91,92,93,94,95,96,97,98,99,100,101,102,103,104,105,106,107,108,109],"msg_id":198,"type":"read_ok"}}
2024/07/21 19:25:35 Received {c2 n0 {"type":"broadcast","message":110,"msg_id":199}}
2024/07/21 19:25:35 Sent {"src":"n0","dest":"c2","body":{"in_reply_to":199,"msg_id":199,"type":"broadcast_ok"}}
2024/07/21 19:25:35 Received {c2 n0 {"type":"read","msg_id":200}}
2024/07/21 19:25:35 Sent {"src":"n0","dest":"c2","body":{"in_reply_to":200,"messages":[0,0,0,0,0,0,0,0,0,0,0,1,2,3,4,5,6,7,8,9,10,11,12,13,14,15,16,17,18,19,20,21,22,23,24,25,26,27,28,29,30,31,32,33,34,35,36,37,38,39,40,41,42,43,44,45,46,47,48,49,50,51,52,53,54,55,56,57,58,59,60,61,62,63,64,65,66,67,68,69,70,71,72,73,74,75,76,77,78,79,80,81,82,83,84,85,86,87,88,89,90,91,92,93,94,95,96,97,98,99,100,101,102,103,104,105,106,107,108,109,110],"msg_id":200,"type":"read_ok"}}
2024/07/21 19:25:35 Received {c2 n0 {"type":"read","msg_id":201}}
2024/07/21 19:25:35 Sent {"src":"n0","dest":"c2","body":{"in_reply_to":201,"messages":[0,0,0,0,0,0,0,0,0,0,0,1,2,3,4,5,6,7,8,9,10,11,12,13,14,15,16,17,18,19,20,21,22,23,24,25,26,27,28,29,30,31,32,33,34,35,36,37,38,39,40,41,42,43,44,45,46,47,48,49,50,51,52,53,54,55,56,57,58,59,60,61,62,63,64,65,66,67,68,69,70,71,72,73,74,75,76,77,78,79,80,81,82,83,84,85,86,87,88,89,90,91,92,93,94,95,96,97,98,99,100,101,102,103,104,105,106,107,108,109,110],"msg_id":201,"type":"read_ok"}}
2024/07/21 19:25:36 Received {c2 n0 {"type":"read","msg_id":202}}
2024/07/21 19:25:36 Sent {"src":"n0","dest":"c2","body":{"in_reply_to":202,"messages":[0,0,0,0,0,0,0,0,0,0,0,1,2,3,4,5,6,7,8,9,10,11,12,13,14,15,16,17,18,19,20,21,22,23,24,25,26,27,28,29,30,31,32,33,34,35,36,37,38,39,40,41,42,43,44,45,46,47,48,49,50,51,52,53,54,55,56,57,58,59,60,61,62,63,64,65,66,67,68,69,70,71,72,73,74,75,76,77,78,79,80,81,82,83,84,85,86,87,88,89,90,91,92,93,94,95,96,97,98,99,100,101,102,103,104,105,106,107,108,109,110],"msg_id":202,"type":"read_ok"}}
2024/07/21 19:25:36 Received {c2 n0 {"type":"broadcast","message":111,"msg_id":203}}
2024/07/21 19:25:36 Sent {"src":"n0","dest":"c2","body":{"in_reply_to":203,"msg_id":203,"type":"broadcast_ok"}}
2024/07/21 19:25:36 Received {c2 n0 {"type":"read","msg_id":204}}
2024/07/21 19:25:36 Sent {"src":"n0","dest":"c2","body":{"in_reply_to":204,"messages":[0,0,0,0,0,0,0,0,0,0,0,1,2,3,4,5,6,7,8,9,10,11,12,13,14,15,16,17,18,19,20,21,22,23,24,25,26,27,28,29,30,31,32,33,34,35,36,37,38,39,40,41,42,43,44,45,46,47,48,49,50,51,52,53,54,55,56,57,58,59,60,61,62,63,64,65,66,67,68,69,70,71,72,73,74,75,76,77,78,79,80,81,82,83,84,85,86,87,88,89,90,91,92,93,94,95,96,97,98,99,100,101,102,103,104,105,106,107,108,109,110,111],"msg_id":204,"type":"read_ok"}}
2024/07/21 19:25:36 Received {c2 n0 {"type":"read","msg_id":205}}
2024/07/21 19:25:36 Sent {"src":"n0","dest":"c2","body":{"in_reply_to":205,"messages":[0,0,0,0,0,0,0,0,0,0,0,1,2,3,4,5,6,7,8,9,10,11,12,13,14,15,16,17,18,19,20,21,22,23,24,25,26,27,28,29,30,31,32,33,34,35,36,37,38,39,40,41,42,43,44,45,46,47,48,49,50,51,52,53,54,55,56,57,58,59,60,61,62,63,64,65,66,67,68,69,70,71,72,73,74,75,76,77,78,79,80,81,82,83,84,85,86,87,88,89,90,91,92,93,94,95,96,97,98,99,100,101,102,103,104,105,106,107,108,109,110,111],"msg_id":205,"type":"read_ok"}}
2024/07/21 19:25:36 Received {c2 n0 {"type":"read","msg_id":206}}
2024/07/21 19:25:36 Sent {"src":"n0","dest":"c2","body":{"in_reply_to":206,"messages":[0,0,0,0,0,0,0,0,0,0,0,1,2,3,4,5,6,7,8,9,10,11,12,13,14,15,16,17,18,19,20,21,22,23,24,25,26,27,28,29,30,31,32,33,34,35,36,37,38,39,40,41,42,43,44,45,46,47,48,49,50,51,52,53,54,55,56,57,58,59,60,61,62,63,64,65,66,67,68,69,70,71,72,73,74,75,76,77,78,79,80,81,82,83,84,85,86,87,88,89,90,91,92,93,94,95,96,97,98,99,100,101,102,103,104,105,106,107,108,109,110,111],"msg_id":206,"type":"read_ok"}}
2024/07/21 19:25:36 Received {c2 n0 {"type":"broadcast","message":112,"msg_id":207}}
2024/07/21 19:25:36 Sent {"src":"n0","dest":"c2","body":{"in_reply_to":207,"msg_id":207,"type":"broadcast_ok"}}
2024/07/21 19:25:36 Received {c2 n0 {"type":"read","msg_id":208}}
2024/07/21 19:25:36 Sent {"src":"n0","dest":"c2","body":{"in_reply_to":208,"messages":[0,0,0,0,0,0,0,0,0,0,0,1,2,3,4,5,6,7,8,9,10,11,12,13,14,15,16,17,18,19,20,21,22,23,24,25,26,27,28,29,30,31,32,33,34,35,36,37,38,39,40,41,42,43,44,45,46,47,48,49,50,51,52,53,54,55,56,57,58,59,60,61,62,63,64,65,66,67,68,69,70,71,72,73,74,75,76,77,78,79,80,81,82,83,84,85,86,87,88,89,90,91,92,93,94,95,96,97,98,99,100,101,102,103,104,105,106,107,108,109,110,111,112],"msg_id":208,"type":"read_ok"}}
2024/07/21 19:25:36 Received {c2 n0 {"type":"broadcast","message":113,"msg_id":209}}
2024/07/21 19:25:36 Sent {"src":"n0","dest":"c2","body":{"in_reply_to":209,"msg_id":209,"type":"broadcast_ok"}}
2024/07/21 19:25:36 Received {c2 n0 {"type":"broadcast","message":114,"msg_id":210}}
2024/07/21 19:25:36 Sent {"src":"n0","dest":"c2","body":{"in_reply_to":210,"msg_id":210,"type":"broadcast_ok"}}
2024/07/21 19:25:46 Received {c2 n0 {"type":"read","msg_id":211}}
2024/07/21 19:25:46 Sent {"src":"n0","dest":"c2","body":{"in_reply_to":211,"messages":[0,0,0,0,0,0,0,0,0,0,0,1,2,3,4,5,6,7,8,9,10,11,12,13,14,15,16,17,18,19,20,21,22,23,24,25,26,27,28,29,30,31,32,33,34,35,36,37,38,39,40,41,42,43,44,45,46,47,48,49,50,51,52,53,54,55,56,57,58,59,60,61,62,63,64,65,66,67,68,69,70,71,72,73,74,75,76,77,78,79,80,81,82,83,84,85,86,87,88,89,90,91,92,93,94,95,96,97,98,99,100,101,102,103,104,105,106,107,108,109,110,111,112,113,114],"msg_id":211,"type":"read_ok"}}
